<?xml version="1.0" encoding="UTF-8"?>
<!-- Generated by org.testng.reporters.JUnitReportReporter -->
<testsuite hostname="LAPTOP-34RV87CD" failures="0" tests="4" name="Assessment.TestNG.CalAppTest" time="3.672" errors="0" timestamp="2024-03-20T12:27:14 IST" skipped="3">
  <testcase classname="Assessment.TestNG.CalAppTest" name="loginCheck" time="3.672"/>
  <testcase classname="Assessment.TestNG.CalAppTest" name="testAdd">
    <skipped/>
  </testcase> <!-- testAdd -->
  <testcase classname="Assessment.TestNG.CalAppTest" name="testSub">
    <skipped/>
  </testcase> <!-- testSub -->
  <testcase classname="Assessment.TestNG.CalAppTest" name="openBrowser">
    <skipped/>
  </testcase> <!-- openBrowser -->
</testsuite> <!-- Assessment.TestNG.CalAppTest -->
